0 info it worked if it ends with ok
1 verbose cli [ '/home/ubuntu/.nvm/v0.10.35/bin/node',
1 verbose cli   '/home/ubuntu/.nvm/v0.10.35/bin/npm',
1 verbose cli   'install',
1 verbose cli   'glup',
1 verbose cli   '--save-dev' ]
2 info using npm@1.4.28
3 info using node@v0.10.35
4 verbose readDependencies using package.json deps
5 verbose cache add [ 'glup', null ]
6 verbose cache add name=undefined spec="glup" args=["glup",null]
7 verbose parsed url { protocol: null,
7 verbose parsed url   slashes: null,
7 verbose parsed url   auth: null,
7 verbose parsed url   host: null,
7 verbose parsed url   port: null,
7 verbose parsed url   hostname: null,
7 verbose parsed url   hash: null,
7 verbose parsed url   search: null,
7 verbose parsed url   query: null,
7 verbose parsed url   pathname: 'glup',
7 verbose parsed url   path: 'glup',
7 verbose parsed url   href: 'glup' }
8 silly lockFile 55a217f8-glup glup
9 verbose lock glup /home/ubuntu/.npm/55a217f8-glup.lock
10 silly lockFile 55a217f8-glup glup
11 silly lockFile 55a217f8-glup glup
12 verbose addNamed [ 'glup', '' ]
13 verbose addNamed [ null, '*' ]
14 silly lockFile 5f2e066f-glup glup@
15 verbose lock glup@ /home/ubuntu/.npm/5f2e066f-glup.lock
16 silly addNameRange { name: 'glup', range: '*', hasData: false }
17 verbose request where is /glup
18 verbose request registry https://registry.npmjs.org/
19 verbose request id ab73c3f619e30552
20 verbose url raw /glup
21 verbose url resolving [ 'https://registry.npmjs.org/', './glup' ]
22 verbose url resolved https://registry.npmjs.org/glup
23 verbose request where is https://registry.npmjs.org/glup
24 info trying registry request attempt 1 at 14:38:11
25 http GET https://registry.npmjs.org/glup
26 http 404 https://registry.npmjs.org/glup
27 verbose headers { date: 'Fri, 27 Mar 2015 14:38:11 GMT',
27 verbose headers   server: 'CouchDB/1.5.0 (Erlang OTP/R16B03)',
27 verbose headers   'content-type': 'application/json',
27 verbose headers   'cache-control': 'max-age=0',
27 verbose headers   'content-length': '51',
27 verbose headers   'accept-ranges': 'bytes',
27 verbose headers   via: '1.1 varnish',
27 verbose headers   age: '0',
27 verbose headers   'x-served-by': 'cache-ams4133-AMS',
27 verbose headers   'x-cache': 'MISS',
27 verbose headers   'x-cache-hits': '0',
27 verbose headers   'x-timer': 'S1427467091.562750,VS0,VE386',
27 verbose headers   'keep-alive': 'timeout=10, max=50',
27 verbose headers   connection: 'Keep-Alive' }
28 silly registry.get cb [ 404,
28 silly registry.get   { date: 'Fri, 27 Mar 2015 14:38:11 GMT',
28 silly registry.get     server: 'CouchDB/1.5.0 (Erlang OTP/R16B03)',
28 silly registry.get     'content-type': 'application/json',
28 silly registry.get     'cache-control': 'max-age=0',
28 silly registry.get     'content-length': '51',
28 silly registry.get     'accept-ranges': 'bytes',
28 silly registry.get     via: '1.1 varnish',
28 silly registry.get     age: '0',
28 silly registry.get     'x-served-by': 'cache-ams4133-AMS',
28 silly registry.get     'x-cache': 'MISS',
28 silly registry.get     'x-cache-hits': '0',
28 silly registry.get     'x-timer': 'S1427467091.562750,VS0,VE386',
28 silly registry.get     'keep-alive': 'timeout=10, max=50',
28 silly registry.get     connection: 'Keep-Alive' } ]
29 silly lockFile 5f2e066f-glup glup@
30 silly lockFile 5f2e066f-glup glup@
31 error 404 404 Not Found: glup
31 error 404
31 error 404 'glup' is not in the npm registry.
31 error 404 You should bug the author to publish it
31 error 404 It was specified as a dependency of 'nodecopter-guard'
31 error 404
31 error 404 Note that you can also install from a
31 error 404 tarball, folder, or http url, or git url.
32 error System Linux 3.14.13-c9
33 error command "/home/ubuntu/.nvm/v0.10.35/bin/node" "/home/ubuntu/.nvm/v0.10.35/bin/npm" "install" "glup" "--save-dev"
34 error cwd /home/ubuntu/workspace
35 error node -v v0.10.35
36 error npm -v 1.4.28
37 error code E404
38 verbose exit [ 1, true ]
